0 verbose cli C:\Program Files\nodejs\node.exe C:\Program Files\nodejs\node_modules\npm\bin\npm-cli.js
1 info using npm@10.2.4
2 info using node@v20.11.1
3 timing npm:load:whichnode Completed in 8ms
4 timing config:load:defaults Completed in 7ms
5 timing config:load:file:C:\Program Files\nodejs\node_modules\npm\npmrc Completed in 18ms
6 timing config:load:builtin Completed in 18ms
7 timing config:load:cli Completed in 4ms
8 timing config:load:env Completed in 1ms
9 timing config:load:file:C:\Users\Lenovo\Desktop\BlogWebsite\Blogg03\.npmrc Completed in 1ms
10 timing config:load:project Completed in 4ms
11 timing config:load:file:C:\Users\Lenovo\.npmrc Completed in 1ms
12 timing config:load:user Completed in 2ms
13 timing config:load:file:C:\Users\Lenovo\AppData\Roaming\npm\etc\npmrc Completed in 1ms
14 timing config:load:global Completed in 1ms
15 timing config:load:setEnvs Completed in 4ms
16 timing config:load Completed in 42ms
17 timing npm:load:configload Completed in 43ms
18 timing config:load:flatten Completed in 14ms
19 timing npm:load:mkdirpcache Completed in 1ms
20 timing npm:load:mkdirplogs Completed in 1ms
21 verbose title npm i cors
22 verbose argv "i" "cors"
23 timing npm:load:setTitle Completed in 2ms
24 timing npm:load:display Completed in 1ms
25 verbose logfile logs-max:10 dir:C:\Users\Lenovo\Desktop\BlogWebsite\Blogg03\LenovoDot-SennaAppDataAppDataRoamingnpm\_logs\2024-02-28T15_26_17_028Z-
26 verbose logfile C:\Users\Lenovo\Desktop\BlogWebsite\Blogg03\LenovoDot-SennaAppDataAppDataRoamingnpm\_logs\2024-02-28T15_26_17_028Z-debug-0.log
27 timing npm:load:logFile Completed in 46ms
28 timing npm:load:timers Completed in 0ms
29 timing npm:load:configScope Completed in 0ms
30 timing npm:load Completed in 255ms
31 timing arborist:ctor Completed in 2ms
32 silly logfile done cleaning log files
33 timing idealTree:init Completed in 543ms
34 timing idealTree:userRequests Completed in 2ms
35 silly idealTree buildDeps
36 silly fetch manifest cors@^2.8.5
37 timing arborist:ctor Completed in 1ms
38 http fetch GET 200 https://registry.npmjs.org/cors 1251ms (cache miss)
39 silly placeDep ROOT cors@2.8.5 REPLACE for: blogg@0.1.0 want: ^2.8.5
40 timing idealTree:#root Completed in 1291ms
41 timing idealTree:node_modules/cors Completed in 0ms
42 timing idealTree:buildDeps Completed in 1297ms
43 timing idealTree:fixDepFlags Completed in 32ms
44 timing idealTree Completed in 1917ms
45 timing reify:loadTrees Completed in 1919ms
46 timing reify:diffTrees Completed in 99ms
47 silly reify moves {}
48 timing reify:retireShallow Completed in 4ms
49 timing reify:createSparse Completed in 22ms
50 timing reify:loadBundles Completed in 0ms
51 silly audit bulk request {
51 silly audit   '@aashutoshrathi/word-wrap': [ '1.2.6' ],
51 silly audit   '@alloc/quick-lru': [ '5.2.0' ],
51 silly audit   '@babel/runtime': [ '7.23.9' ],
51 silly audit   '@emnapi/runtime': [ '0.45.0' ],
51 silly audit   '@eslint-community/eslint-utils': [ '4.4.0' ],
51 silly audit   '@eslint-community/regexpp': [ '4.10.0' ],
51 silly audit   '@eslint/eslintrc': [ '2.1.4' ],
51 silly audit   '@eslint/js': [ '8.56.0' ],
51 silly audit   '@hookform/resolvers': [ '3.3.4' ],
51 silly audit   '@humanwhocodes/config-array': [ '0.11.14' ],
51 silly audit   '@humanwhocodes/module-importer': [ '1.0.1' ],
51 silly audit   '@humanwhocodes/object-schema': [ '2.0.2' ],
51 silly audit   '@img/sharp-darwin-arm64': [ '0.33.2' ],
51 silly audit   '@img/sharp-darwin-x64': [ '0.33.2' ],
51 silly audit   '@img/sharp-libvips-darwin-arm64': [ '1.0.1' ],
51 silly audit   '@img/sharp-libvips-darwin-x64': [ '1.0.1' ],
51 silly audit   '@img/sharp-libvips-linux-arm': [ '1.0.1' ],
51 silly audit   '@img/sharp-libvips-linux-arm64': [ '1.0.1' ],
51 silly audit   '@img/sharp-libvips-linux-s390x': [ '1.0.1' ],
51 silly audit   '@img/sharp-libvips-linux-x64': [ '1.0.1' ],
51 silly audit   '@img/sharp-libvips-linuxmusl-arm64': [ '1.0.1' ],
51 silly audit   '@img/sharp-libvips-linuxmusl-x64': [ '1.0.1' ],
51 silly audit   '@img/sharp-linux-arm': [ '0.33.2' ],
51 silly audit   '@img/sharp-linux-arm64': [ '0.33.2' ],
51 silly audit   '@img/sharp-linux-s390x': [ '0.33.2' ],
51 silly audit   '@img/sharp-linux-x64': [ '0.33.2' ],
51 silly audit   '@img/sharp-linuxmusl-arm64': [ '0.33.2' ],
51 silly audit   '@img/sharp-linuxmusl-x64': [ '0.33.2' ],
51 silly audit   '@img/sharp-wasm32': [ '0.33.2' ],
51 silly audit   '@img/sharp-win32-ia32': [ '0.33.2' ],
51 silly audit   '@img/sharp-win32-x64': [ '0.33.2' ],
51 silly audit   '@isaacs/cliui': [ '8.0.2' ],
51 silly audit   'ansi-regex': [ '6.0.1', '5.0.1' ],
51 silly audit   'strip-ansi': [ '7.1.0', '6.0.1' ],
51 silly audit   '@jridgewell/gen-mapping': [ '0.3.3' ],
51 silly audit   '@jridgewell/resolve-uri': [ '3.1.1' ],
51 silly audit   '@jridgewell/set-array': [ '1.1.2' ],
51 silly audit   '@jridgewell/sourcemap-codec': [ '1.4.15' ],
51 silly audit   '@jridgewell/trace-mapping': [ '0.3.22' ],
51 silly audit   '@mapbox/node-pre-gyp': [ '1.0.11' ],
51 silly audit   '@mongodb-js/saslprep': [ '1.1.4' ],
51 silly audit   '@next/env': [ '14.1.0' ],
51 silly audit   '@next/eslint-plugin-next': [ '14.1.0' ],
51 silly audit   '@next/swc-darwin-arm64': [ '14.1.0' ],
51 silly audit   '@next/swc-darwin-x64': [ '14.1.0' ],
51 silly audit   '@next/swc-linux-arm64-gnu': [ '14.1.0' ],
51 silly audit   '@next/swc-linux-arm64-musl': [ '14.1.0' ],
51 silly audit   '@next/swc-linux-x64-gnu': [ '14.1.0' ],
51 silly audit   '@next/swc-linux-x64-musl': [ '14.1.0' ],
51 silly audit   '@next/swc-win32-arm64-msvc': [ '14.1.0' ],
51 silly audit   '@next/swc-win32-ia32-msvc': [ '14.1.0' ],
51 silly audit   '@next/swc-win32-x64-msvc': [ '14.1.0' ],
51 silly audit   '@nodelib/fs.scandir': [ '2.1.5' ],
51 silly audit   '@nodelib/fs.stat': [ '2.0.5' ],
51 silly audit   '@nodelib/fs.walk': [ '1.2.8' ],
51 silly audit   '@panva/hkdf': [ '1.1.1' ],
51 silly audit   '@pkgjs/parseargs': [ '0.11.0' ],
51 silly audit   '@rushstack/eslint-patch': [ '1.7.2' ],
51 silly audit   '@swc/helpers': [ '0.5.2' ],
51 silly audit   '@types/json5': [ '0.0.29' ],
51 silly audit   '@types/webidl-conversions': [ '7.0.3' ],
51 silly audit   '@types/whatwg-url': [ '11.0.4' ],
51 silly audit   '@typescript-eslint/parser': [ '6.20.0' ],
51 silly audit   '@typescript-eslint/scope-manager': [ '6.20.0' ],
51 silly audit   '@typescript-eslint/types': [ '6.20.0' ],
51 silly audit   '@typescript-eslint/typescript-estree': [ '6.20.0' ],
51 silly audit   'brace-expansion': [ '2.0.1', '1.1.11' ],
51 silly audit   minimatch: [ '9.0.3', '3.1.2' ],
51 silly audit   '@typescript-eslint/visitor-keys': [ '6.20.0' ],
51 silly audit   '@ungap/structured-clone': [ '1.2.0' ],
51 silly audit   abbrev: [ '1.1.1' ],
51 silly audit   acorn: [ '8.11.3' ],
51 silly audit   'acorn-jsx': [ '5.3.2' ],
51 silly audit   'agent-base': [ '6.0.2' ],
51 silly audit   ajv: [ '6.12.6' ],
51 silly audit   'ansi-styles': [ '4.3.0', '6.2.1' ],
51 silly audit   'any-promise': [ '1.3.0' ],
51 silly audit   anymatch: [ '3.1.3' ],
51 silly audit   aproba: [ '2.0.0' ],
51 silly audit   'are-we-there-yet': [ '2.0.0' ],
51 silly audit   arg: [ '5.0.2' ],
51 silly audit   argparse: [ '2.0.1' ],
51 silly audit   'aria-query': [ '5.3.0' ],
51 silly audit   'array-buffer-byte-length': [ '1.0.0' ],
51 silly audit   'array-includes': [ '3.1.7' ],
51 silly audit   'array-union': [ '2.1.0' ],
51 silly audit   'array.prototype.findlastindex': [ '1.2.3' ],
51 silly audit   'array.prototype.flat': [ '1.3.2' ],
51 silly audit   'array.prototype.flatmap': [ '1.3.2' ],
51 silly audit   'array.prototype.tosorted': [ '1.1.2' ],
51 silly audit   'arraybuffer.prototype.slice': [ '1.0.2' ],
51 silly audit   'ast-types-flow': [ '0.0.8' ],
51 silly audit   'asynciterator.prototype': [ '1.0.0' ],
51 silly audit   autoprefixer: [ '10.4.17' ],
51 silly audit   'available-typed-arrays': [ '1.0.5' ],
51 silly audit   'axe-core': [ '4.7.0' ],
51 silly audit   'axobject-query': [ '3.2.1' ],
51 silly audit   'balanced-match': [ '1.0.2' ],
51 silly audit   bcrypt: [ '5.1.1' ],
51 silly audit   'binary-extensions': [ '2.2.0' ],
51 silly audit   braces: [ '3.0.2' ],
51 silly audit   browserslist: [ '4.22.3' ],
51 silly audit   bson: [ '6.3.0' ],
51 silly audit   busboy: [ '1.6.0' ],
51 silly audit   'call-bind': [ '1.0.5' ],
51 silly audit   callsites: [ '3.1.0' ],
51 silly audit   'camelcase-css': [ '2.0.1' ],
51 silly audit   'caniuse-lite': [ '1.0.30001581' ],
51 silly audit   chalk: [ '4.1.2' ],
51 silly audit   chokidar: [ '3.5.3' ],
51 silly audit   'glob-parent': [ '5.1.2', '6.0.2' ],
51 silly audit   chownr: [ '2.0.0' ],
51 silly audit   'client-only': [ '0.0.1' ],
51 silly audit   clsx: [ '2.1.0' ],
51 silly audit   color: [ '4.2.3' ],
51 silly audit   'color-convert': [ '2.0.1' ],
51 silly audit   'color-name': [ '1.1.4' ],
51 silly audit   'color-string': [ '1.9.1' ],
51 silly audit   'color-support': [ '1.1.3' ],
51 silly audit   commander: [ '4.1.1' ],
51 silly audit   'concat-map': [ '0.0.1' ],
51 silly audit   'console-control-strings': [ '1.1.0' ],
51 silly audit   cookie: [ '0.5.0' ],
51 silly audit   'cross-spawn': [ '7.0.3' ],
51 silly audit   cssesc: [ '3.0.0' ],
51 silly audit   'damerau-levenshtein': [ '1.0.8' ],
51 silly audit   debug: [ '4.3.4', '3.2.7' ],
51 silly audit   'deep-is': [ '0.1.4' ],
51 silly audit   'define-data-property': [ '1.1.1' ],
51 silly audit   'define-properties': [ '1.2.1' ],
51 silly audit   delegates: [ '1.0.0' ],
51 silly audit   dequal: [ '2.0.3' ],
51 silly audit   'detect-libc': [ '2.0.2' ],
51 silly audit   didyoumean: [ '1.2.2' ],
51 silly audit   'dir-glob': [ '3.0.1' ],
51 silly audit   dlv: [ '1.1.3' ],
51 silly audit   doctrine: [ '3.0.0', '2.1.0' ],
51 silly audit   eastasianwidth: [ '0.2.0' ],
51 silly audit   'electron-to-chromium': [ '1.4.649' ],
51 silly audit   'emoji-regex': [ '9.2.2', '8.0.0' ],
51 silly audit   'enhanced-resolve': [ '5.15.0' ],
51 silly audit   'es-abstract': [ '1.22.3' ],
51 silly audit   'es-iterator-helpers': [ '1.0.15' ],
51 silly audit   'es-set-tostringtag': [ '2.0.2' ],
51 silly audit   'es-shim-unscopables': [ '1.0.2' ],
51 silly audit   'es-to-primitive': [ '1.2.1' ],
51 silly audit   escalade: [ '3.1.1' ],
51 silly audit   'escape-string-regexp': [ '4.0.0' ],
51 silly audit   eslint: [ '8.56.0' ],
51 silly audit   'eslint-config-next': [ '14.1.0' ],
51 silly audit   'eslint-import-resolver-node': [ '0.3.9' ],
51 silly audit   'eslint-import-resolver-typescript': [ '3.6.1' ],
51 silly audit   'eslint-module-utils': [ '2.8.0' ],
51 silly audit   'eslint-plugin-import': [ '2.29.1' ],
51 silly audit   semver: [ '6.3.1', '7.5.4' ],
51 silly audit   'eslint-plugin-jsx-a11y': [ '6.8.0' ],
51 silly audit   'eslint-plugin-react': [ '7.33.2' ],
51 silly audit   'eslint-plugin-react-hooks': [ '4.6.0' ],
51 silly audit   resolve: [ '2.0.0-next.5', '1.22.8' ],
51 silly audit   'eslint-scope': [ '7.2.2' ],
51 silly audit   'eslint-visitor-keys': [ '3.4.3' ],
51 silly audit   espree: [ '9.6.1' ],
51 silly audit   esquery: [ '1.5.0' ],
51 silly audit   esrecurse: [ '4.3.0' ],
51 silly audit   estraverse: [ '5.3.0' ],
51 silly audit   esutils: [ '2.0.3' ],
51 silly audit   'fast-deep-equal': [ '3.1.3' ],
51 silly audit   'fast-glob': [ '3.3.2' ],
51 silly audit   'fast-json-stable-stringify': [ '2.1.0' ],
51 silly audit   'fast-levenshtein': [ '2.0.6' ],
51 silly audit   fastq: [ '1.17.0' ],
51 silly audit   'file-entry-cache': [ '6.0.1' ],
51 silly audit   'fill-range': [ '7.0.1' ],
51 silly audit   'find-up': [ '5.0.0' ],
51 silly audit   'flat-cache': [ '3.2.0' ],
51 silly audit   flatted: [ '3.2.9' ],
51 silly audit   'for-each': [ '0.3.3' ],
51 silly audit   'foreground-child': [ '3.1.1' ],
51 silly audit   'fraction.js': [ '4.3.7' ],
51 silly audit   'fs-minipass': [ '2.1.0' ],
51 silly audit   minipass: [ '3.3.6', '7.0.4', '5.0.0' ],
51 silly audit   'fs.realpath': [ '1.0.0' ],
51 silly audit   fsevents: [ '2.3.3' ],
51 silly audit   'function-bind': [ '1.1.2' ],
51 silly audit   'function.prototype.name': [ '1.1.6' ],
51 silly audit   'functions-have-names': [ '1.2.3' ],
51 silly audit   gauge: [ '3.0.2' ],
51 silly audit   'signal-exit': [ '3.0.7', '4.1.0' ],
51 silly audit   'string-width': [ '4.2.3', '5.1.2' ],
51 silly audit   'get-intrinsic': [ '1.2.2' ],
51 silly audit   'get-symbol-description': [ '1.0.0' ],
51 silly audit   'get-tsconfig': [ '4.7.2' ],
51 silly audit   glob: [ '10.3.10', '7.2.3' ],
51 silly audit   globals: [ '13.24.0' ],
51 silly audit   globalthis: [ '1.0.3' ],
51 silly audit   globby: [ '11.1.0' ],
51 silly audit   gopd: [ '1.0.1' ],
51 silly audit   'graceful-fs': [ '4.2.11' ],
51 silly audit   graphemer: [ '1.4.0' ],
51 silly audit   'has-bigints': [ '1.0.2' ],
51 silly audit   'has-flag': [ '4.0.0' ],
51 silly audit   'has-property-descriptors': [ '1.0.1' ],
51 silly audit   'has-proto': [ '1.0.1' ],
51 silly audit   'has-symbols': [ '1.0.3' ],
51 silly audit   'has-tostringtag': [ '1.0.0' ],
51 silly audit   'has-unicode': [ '2.0.1' ],
51 silly audit   hasown: [ '2.0.0' ],
51 silly audit   'https-proxy-agent': [ '5.0.1' ],
51 silly audit   ignore: [ '5.3.0' ],
51 silly audit   'import-fresh': [ '3.3.0' ],
51 silly audit   imurmurhash: [ '0.1.4' ],
51 silly audit   inflight: [ '1.0.6' ],
51 silly audit   inherits: [ '2.0.4' ],
51 silly audit   'internal-slot': [ '1.0.6' ],
51 silly audit   'is-array-buffer': [ '3.0.2' ],
51 silly audit   'is-arrayish': [ '0.3.2' ],
51 silly audit   'is-async-function': [ '2.0.0' ],
51 silly audit   'is-bigint': [ '1.0.4' ],
51 silly audit   'is-binary-path': [ '2.1.0' ],
51 silly audit   'is-boolean-object': [ '1.1.2' ],
51 silly audit   'is-callable': [ '1.2.7' ],
51 silly audit   'is-core-module': [ '2.13.1' ],
51 silly audit   'is-date-object': [ '1.0.5' ],
51 silly audit   'is-extglob': [ '2.1.1' ],
51 silly audit   'is-finalizationregistry': [ '1.0.2' ],
51 silly audit   'is-fullwidth-code-point': [ '3.0.0' ],
51 silly audit   'is-generator-function': [ '1.0.10' ],
51 silly audit   'is-glob': [ '4.0.3' ],
51 silly audit   'is-map': [ '2.0.2' ],
51 silly audit   'is-negative-zero': [ '2.0.2' ],
51 silly audit   'is-number': [ '7.0.0' ],
51 silly audit   'is-number-object': [ '1.0.7' ],
51 silly audit   'is-path-inside': [ '3.0.3' ],
51 silly audit   'is-regex': [ '1.1.4' ],
51 silly audit   'is-set': [ '2.0.2' ],
51 silly audit   'is-shared-array-buffer': [ '1.0.2' ],
51 silly audit   'is-string': [ '1.0.7' ],
51 silly audit   'is-symbol': [ '1.0.4' ],
51 silly audit   'is-typed-array': [ '1.1.12' ],
51 silly audit   'is-weakmap': [ '2.0.1' ],
51 silly audit   'is-weakref': [ '1.0.2' ],
51 silly audit   'is-weakset': [ '2.0.2' ],
51 silly audit   isarray: [ '2.0.5' ],
51 silly audit   isexe: [ '2.0.0' ],
51 silly audit   'iterator.prototype': [ '1.1.2' ],
51 silly audit   jackspeak: [ '2.3.6' ],
51 silly audit   jiti: [ '1.21.0' ],
51 silly audit   jose: [ '4.15.4' ],
51 silly audit   'js-tokens': [ '4.0.0' ],
51 silly audit   'js-yaml': [ '4.1.0' ],
51 silly audit   'json-buffer': [ '3.0.1' ],
51 silly audit   'json-schema-traverse': [ '0.4.1' ],
51 silly audit   'json-stable-stringify-without-jsonify': [ '1.0.1' ],
51 silly audit   json5: [ '1.0.2' ],
51 silly audit   'jsx-ast-utils': [ '3.3.5' ],
51 silly audit   kareem: [ '2.5.1' ],
51 silly audit   keyv: [ '4.5.4' ],
51 silly audit   'language-subtag-registry': [ '0.3.22' ],
51 silly audit   'language-tags': [ '1.0.9' ],
51 silly audit   levn: [ '0.4.1' ],
51 silly audit   lilconfig: [ '2.1.0', '3.0.0' ],
51 silly audit   'lines-and-columns': [ '1.2.4' ],
51 silly audit   'locate-path': [ '6.0.0' ],
51 silly audit   'lodash.merge': [ '4.6.2' ],
51 silly audit   'loose-envify': [ '1.4.0' ],
51 silly audit   'lru-cache': [ '10.2.0', '6.0.0' ],
51 silly audit   'make-dir': [ '3.1.0' ],
51 silly audit   'memory-pager': [ '1.5.0' ],
51 silly audit   merge2: [ '1.4.1' ],
51 silly audit   micromatch: [ '4.0.5' ],
51 silly audit   minimist: [ '1.2.8' ],
51 silly audit   minizlib: [ '2.1.2' ],
51 silly audit   mkdirp: [ '1.0.4' ],
51 silly audit   mongodb: [ '6.3.0' ],
51 silly audit   'mongodb-connection-string-url': [ '3.0.0' ],
51 silly audit   mongoose: [ '8.1.2' ],
51 silly audit   ms: [ '2.1.3', '2.1.2' ],
51 silly audit   mpath: [ '0.9.0' ],
51 silly audit   mquery: [ '5.0.0' ],
51 silly audit   mz: [ '2.7.0' ],
51 silly audit   nanoid: [ '3.3.7' ],
51 silly audit   'natural-compare': [ '1.4.0' ],
51 silly audit   next: [ '14.1.0' ],
51 silly audit   'next-auth': [ '4.24.6' ],
51 silly audit   postcss: [ '8.4.31', '8.4.33' ],
51 silly audit   'node-addon-api': [ '5.1.0' ],
51 silly audit   'node-fetch': [ '2.7.0' ],
51 silly audit   tr46: [ '0.0.3', '4.1.1' ],
51 silly audit   'webidl-conversions': [ '3.0.1', '7.0.0' ],
51 silly audit   'whatwg-url': [ '5.0.0', '13.0.0' ],
51 silly audit   'node-releases': [ '2.0.14' ],
51 silly audit   nopt: [ '5.0.0' ],
51 silly audit   'normalize-path': [ '3.0.0' ],
51 silly audit   'normalize-range': [ '0.1.2' ],
51 silly audit   npmlog: [ '5.0.1' ],
51 silly audit   oauth: [ '0.9.15' ],
51 silly audit   'object-assign': [ '4.1.1' ],
51 silly audit   'object-hash': [ '3.0.0', '2.2.0' ],
51 silly audit   'object-inspect': [ '1.13.1' ],
51 silly audit   'object-keys': [ '1.1.1' ],
51 silly audit   'object.assign': [ '4.1.5' ],
51 silly audit   'object.entries': [ '1.1.7' ],
51 silly audit   'object.fromentries': [ '2.0.7' ],
51 silly audit   'object.groupby': [ '1.0.1' ],
51 silly audit   'object.hasown': [ '1.1.3' ],
51 silly audit   'object.values': [ '1.1.7' ],
51 silly audit   'oidc-token-hash': [ '5.0.3' ],
51 silly audit   once: [ '1.4.0' ],
51 silly audit   'openid-client': [ '5.6.4' ],
51 silly audit   optionator: [ '0.9.3' ],
51 silly audit   'p-limit': [ '3.1.0' ],
51 silly audit   'p-locate': [ '5.0.0' ],
51 silly audit   'parent-module': [ '1.0.1' ],
51 silly audit   'path-exists': [ '4.0.0' ],
51 silly audit   'path-is-absolute': [ '1.0.1' ],
51 silly audit   'path-key': [ '3.1.1' ],
51 silly audit   'path-parse': [ '1.0.7' ],
51 silly audit   'path-scurry': [ '1.10.1' ],
51 silly audit   'path-type': [ '4.0.0' ],
51 silly audit   picocolors: [ '1.0.0' ],
51 silly audit   picomatch: [ '2.3.1' ],
51 silly audit   pify: [ '2.3.0' ],
51 silly audit   pirates: [ '4.0.6' ],
51 silly audit   'postcss-import': [ '15.1.0' ],
51 silly audit   'postcss-js': [ '4.0.1' ],
51 silly audit   'postcss-load-config': [ '4.0.2' ],
51 silly audit   'postcss-nested': [ '6.0.1' ],
51 silly audit   'postcss-selector-parser': [ '6.0.15' ],
51 silly audit   'postcss-value-parser': [ '4.2.0' ],
51 silly audit   preact: [ '10.19.4' ],
51 silly audit   'preact-render-to-string': [ '5.2.6' ],
51 silly audit   'prelude-ls': [ '1.2.1' ],
51 silly audit   'pretty-format': [ '3.8.0' ],
51 silly audit   'prop-types': [ '15.8.1' ],
51 silly audit   'property-expr': [ '2.0.6' ],
51 silly audit   punycode: [ '2.3.1' ],
51 silly audit   'queue-microtask': [ '1.2.3' ],
51 silly audit   react: [ '18.2.0' ],
51 silly audit   'react-dom': [ '18.2.0' ],
51 silly audit   'react-hook-form': [ '7.50.1' ],
51 silly audit   'react-icons': [ '5.0.1' ],
51 silly audit   'react-is': [ '16.13.1' ],
51 silly audit   'react-toastify': [ '10.0.4' ],
51 silly audit   'read-cache': [ '1.0.0' ],
51 silly audit   'readable-stream': [ '3.6.2' ],
51 silly audit   readdirp: [ '3.6.0' ],
51 silly audit   'reflect.getprototypeof': [ '1.0.4' ],
51 silly audit   'regenerator-runtime': [ '0.14.1' ],
51 silly audit   'regexp.prototype.flags': [ '1.5.1' ],
51 silly audit   'resolve-from': [ '4.0.0' ],
51 silly audit   'resolve-pkg-maps': [ '1.0.0' ],
51 silly audit   reusify: [ '1.0.4' ],
51 silly audit   rimraf: [ '3.0.2' ],
51 silly audit   'run-parallel': [ '1.2.0' ],
51 silly audit   'safe-array-concat': [ '1.1.0' ],
51 silly audit   'safe-buffer': [ '5.2.1' ],
51 silly audit   'safe-regex-test': [ '1.0.2' ],
51 silly audit   scheduler: [ '0.23.0' ],
51 silly audit   'set-blocking': [ '2.0.0' ],
51 silly audit   'set-function-length': [ '1.2.0' ],
51 silly audit   'set-function-name': [ '2.0.1' ],
51 silly audit   sharp: [ '0.33.2' ],
51 silly audit   'shebang-command': [ '2.0.0' ],
51 silly audit   'shebang-regex': [ '3.0.0' ],
51 silly audit   'side-channel': [ '1.0.4' ],
51 silly audit   sift: [ '16.0.1' ],
51 silly audit   'simple-swizzle': [ '0.2.2' ],
51 silly audit   slash: [ '3.0.0' ],
51 silly audit   'source-map-js': [ '1.0.2' ],
51 silly audit   'sparse-bitfield': [ '3.0.3' ],
51 silly audit   streamsearch: [ '1.1.0' ],
51 silly audit   string_decoder: [ '1.3.0' ],
51 silly audit   'string.prototype.matchall': [ '4.0.10' ],
51 silly audit   'string.prototype.trim': [ '1.2.8' ],
51 silly audit   'string.prototype.trimend': [ '1.0.7' ],
51 silly audit   'string.prototype.trimstart': [ '1.0.7' ],
51 silly audit   'strip-bom': [ '3.0.0' ],
51 silly audit   'strip-json-comments': [ '3.1.1' ],
51 silly audit   'styled-jsx': [ '5.1.1' ],
51 silly audit   sucrase: [ '3.35.0' ],
51 silly audit   'supports-color': [ '7.2.0' ],
51 silly audit   'supports-preserve-symlinks-flag': [ '1.0.0' ],
51 silly audit   tailwindcss: [ '3.4.1' ],
51 silly audit   tapable: [ '2.2.1' ],
51 silly audit   tar: [ '6.2.0' ],
51 silly audit   'text-table': [ '0.2.0' ],
51 silly audit   thenify: [ '3.3.1' ],
51 silly audit   'thenify-all': [ '1.6.0' ],
51 silly audit   'tiny-case': [ '1.0.3' ],
51 silly audit   'to-regex-range': [ '5.0.1' ],
51 silly audit   toposort: [ '2.0.2' ],
51 silly audit   'ts-api-utils': [ '1.0.3' ],
51 silly audit   'ts-interface-checker': [ '0.1.13' ],
51 silly audit   'tsconfig-paths': [ '3.15.0' ],
51 silly audit   tslib: [ '2.6.2' ],
51 silly audit   'type-check': [ '0.4.0' ],
51 silly audit   'type-fest': [ '0.20.2', '2.19.0' ],
51 silly audit   'typed-array-buffer': [ '1.0.0' ],
51 silly audit   'typed-array-byte-length': [ '1.0.0' ],
51 silly audit   'typed-array-byte-offset': [ '1.0.0' ],
51 silly audit   'typed-array-length': [ '1.0.4' ],
51 silly audit   typescript: [ '5.3.3' ],
51 silly audit   'unbox-primitive': [ '1.0.2' ],
51 silly audit   'update-browserslist-db': [ '1.0.13' ],
51 silly audit   'uri-js': [ '4.4.1' ],
51 silly audit   'util-deprecate': [ '1.0.2' ],
51 silly audit   uuid: [ '8.3.2' ],
51 silly audit   vary: [ '1.1.2' ],
51 silly audit   which: [ '2.0.2' ],
51 silly audit   'which-boxed-primitive': [ '1.0.2' ],
51 silly audit   'which-builtin-type': [ '1.1.3' ],
51 silly audit   'which-collection': [ '1.0.1' ],
51 silly audit   'which-typed-array': [ '1.1.13' ],
51 silly audit   'wide-align': [ '1.1.5' ],
51 silly audit   'wrap-ansi': [ '8.1.0', '7.0.0' ],
51 silly audit   wrappy: [ '1.0.2' ],
51 silly audit   yallist: [ '4.0.0' ],
51 silly audit   yaml: [ '2.3.4' ],
51 silly audit   'yocto-queue': [ '0.1.0' ],
51 silly audit   yup: [ '1.3.3' ],
51 silly audit   cors: [ '2.8.5' ]
51 silly audit }
52 verbose reify failed optional dependency C:\Users\Lenovo\Desktop\BlogWebsite\Blogg03\node_modules\fsevents
53 silly reify mark deleted [
53 silly reify   'C:\\Users\\Lenovo\\Desktop\\BlogWebsite\\Blogg03\\node_modules\\fsevents'
53 silly reify ]
54 verbose reify failed optional dependency C:\Users\Lenovo\Desktop\BlogWebsite\Blogg03\node_modules\@next\swc-win32-ia32-msvc
55 silly reify mark deleted [
55 silly reify   'C:\\Users\\Lenovo\\Desktop\\BlogWebsite\\Blogg03\\node_modules\\@next\\swc-win32-ia32-msvc'
55 silly reify ]
56 verbose reify failed optional dependency C:\Users\Lenovo\Desktop\BlogWebsite\Blogg03\node_modules\@next\swc-win32-arm64-msvc
57 silly reify mark deleted [
57 silly reify   'C:\\Users\\Lenovo\\Desktop\\BlogWebsite\\Blogg03\\node_modules\\@next\\swc-win32-arm64-msvc'
57 silly reify ]
58 verbose reify failed optional dependency C:\Users\Lenovo\Desktop\BlogWebsite\Blogg03\node_modules\@next\swc-linux-x64-musl
59 silly reify mark deleted [
59 silly reify   'C:\\Users\\Lenovo\\Desktop\\BlogWebsite\\Blogg03\\node_modules\\@next\\swc-linux-x64-musl'
59 silly reify ]
60 verbose reify failed optional dependency C:\Users\Lenovo\Desktop\BlogWebsite\Blogg03\node_modules\@next\swc-linux-x64-gnu
61 silly reify mark deleted [
61 silly reify   'C:\\Users\\Lenovo\\Desktop\\BlogWebsite\\Blogg03\\node_modules\\@next\\swc-linux-x64-gnu'
61 silly reify ]
62 verbose reify failed optional dependency C:\Users\Lenovo\Desktop\BlogWebsite\Blogg03\node_modules\@next\swc-linux-arm64-musl
63 silly reify mark deleted [
63 silly reify   'C:\\Users\\Lenovo\\Desktop\\BlogWebsite\\Blogg03\\node_modules\\@next\\swc-linux-arm64-musl'
63 silly reify ]
64 verbose reify failed optional dependency C:\Users\Lenovo\Desktop\BlogWebsite\Blogg03\node_modules\@next\swc-linux-arm64-gnu
65 silly reify mark deleted [
65 silly reify   'C:\\Users\\Lenovo\\Desktop\\BlogWebsite\\Blogg03\\node_modules\\@next\\swc-linux-arm64-gnu'
65 silly reify ]
66 verbose reify failed optional dependency C:\Users\Lenovo\Desktop\BlogWebsite\Blogg03\node_modules\@next\swc-darwin-x64
67 silly reify mark deleted [
67 silly reify   'C:\\Users\\Lenovo\\Desktop\\BlogWebsite\\Blogg03\\node_modules\\@next\\swc-darwin-x64'
67 silly reify ]
68 verbose reify failed optional dependency C:\Users\Lenovo\Desktop\BlogWebsite\Blogg03\node_modules\@next\swc-darwin-arm64
69 silly reify mark deleted [
69 silly reify   'C:\\Users\\Lenovo\\Desktop\\BlogWebsite\\Blogg03\\node_modules\\@next\\swc-darwin-arm64'
69 silly reify ]
70 verbose reify failed optional dependency C:\Users\Lenovo\Desktop\BlogWebsite\Blogg03\node_modules\@img\sharp-win32-ia32
71 silly reify mark deleted [
71 silly reify   'C:\\Users\\Lenovo\\Desktop\\BlogWebsite\\Blogg03\\node_modules\\@img\\sharp-win32-ia32'
71 silly reify ]
72 verbose reify failed optional dependency C:\Users\Lenovo\Desktop\BlogWebsite\Blogg03\node_modules\@img\sharp-wasm32
73 silly reify mark deleted [
73 silly reify   'C:\\Users\\Lenovo\\Desktop\\BlogWebsite\\Blogg03\\node_modules\\@img\\sharp-wasm32'
73 silly reify ]
74 verbose reify failed optional dependency C:\Users\Lenovo\Desktop\BlogWebsite\Blogg03\node_modules\@emnapi\runtime
75 silly reify mark deleted [
75 silly reify   'C:\\Users\\Lenovo\\Desktop\\BlogWebsite\\Blogg03\\node_modules\\@emnapi\\runtime'
75 silly reify ]
76 verbose reify failed optional dependency C:\Users\Lenovo\Desktop\BlogWebsite\Blogg03\node_modules\@img\sharp-linuxmusl-x64
77 silly reify mark deleted [
77 silly reify   'C:\\Users\\Lenovo\\Desktop\\BlogWebsite\\Blogg03\\node_modules\\@img\\sharp-linuxmusl-x64'
77 silly reify ]
78 verbose reify failed optional dependency C:\Users\Lenovo\Desktop\BlogWebsite\Blogg03\node_modules\@img\sharp-linuxmusl-arm64
79 silly reify mark deleted [
79 silly reify   'C:\\Users\\Lenovo\\Desktop\\BlogWebsite\\Blogg03\\node_modules\\@img\\sharp-linuxmusl-arm64'
79 silly reify ]
80 verbose reify failed optional dependency C:\Users\Lenovo\Desktop\BlogWebsite\Blogg03\node_modules\@img\sharp-linux-x64
81 silly reify mark deleted [
81 silly reify   'C:\\Users\\Lenovo\\Desktop\\BlogWebsite\\Blogg03\\node_modules\\@img\\sharp-linux-x64'
81 silly reify ]
82 verbose reify failed optional dependency C:\Users\Lenovo\Desktop\BlogWebsite\Blogg03\node_modules\@img\sharp-linux-s390x
83 silly reify mark deleted [
83 silly reify   'C:\\Users\\Lenovo\\Desktop\\BlogWebsite\\Blogg03\\node_modules\\@img\\sharp-linux-s390x'
83 silly reify ]
84 verbose reify failed optional dependency C:\Users\Lenovo\Desktop\BlogWebsite\Blogg03\node_modules\@img\sharp-linux-arm64
85 silly reify mark deleted [
85 silly reify   'C:\\Users\\Lenovo\\Desktop\\BlogWebsite\\Blogg03\\node_modules\\@img\\sharp-linux-arm64'
85 silly reify ]
86 verbose reify failed optional dependency C:\Users\Lenovo\Desktop\BlogWebsite\Blogg03\node_modules\@img\sharp-linux-arm
87 silly reify mark deleted [
87 silly reify   'C:\\Users\\Lenovo\\Desktop\\BlogWebsite\\Blogg03\\node_modules\\@img\\sharp-linux-arm'
87 silly reify ]
88 verbose reify failed optional dependency C:\Users\Lenovo\Desktop\BlogWebsite\Blogg03\node_modules\@img\sharp-libvips-linuxmusl-x64
89 silly reify mark deleted [
89 silly reify   'C:\\Users\\Lenovo\\Desktop\\BlogWebsite\\Blogg03\\node_modules\\@img\\sharp-libvips-linuxmusl-x64'
89 silly reify ]
90 verbose reify failed optional dependency C:\Users\Lenovo\Desktop\BlogWebsite\Blogg03\node_modules\@img\sharp-libvips-linuxmusl-arm64
91 silly reify mark deleted [
91 silly reify   'C:\\Users\\Lenovo\\Desktop\\BlogWebsite\\Blogg03\\node_modules\\@img\\sharp-libvips-linuxmusl-arm64'
91 silly reify ]
92 verbose reify failed optional dependency C:\Users\Lenovo\Desktop\BlogWebsite\Blogg03\node_modules\@img\sharp-libvips-linux-x64
93 silly reify mark deleted [
93 silly reify   'C:\\Users\\Lenovo\\Desktop\\BlogWebsite\\Blogg03\\node_modules\\@img\\sharp-libvips-linux-x64'
93 silly reify ]
94 verbose reify failed optional dependency C:\Users\Lenovo\Desktop\BlogWebsite\Blogg03\node_modules\@img\sharp-libvips-linux-s390x
95 silly reify mark deleted [
95 silly reify   'C:\\Users\\Lenovo\\Desktop\\BlogWebsite\\Blogg03\\node_modules\\@img\\sharp-libvips-linux-s390x'
95 silly reify ]
96 verbose reify failed optional dependency C:\Users\Lenovo\Desktop\BlogWebsite\Blogg03\node_modules\@img\sharp-libvips-linux-arm64
97 silly reify mark deleted [
97 silly reify   'C:\\Users\\Lenovo\\Desktop\\BlogWebsite\\Blogg03\\node_modules\\@img\\sharp-libvips-linux-arm64'
97 silly reify ]
98 verbose reify failed optional dependency C:\Users\Lenovo\Desktop\BlogWebsite\Blogg03\node_modules\@img\sharp-libvips-linux-arm
99 silly reify mark deleted [
99 silly reify   'C:\\Users\\Lenovo\\Desktop\\BlogWebsite\\Blogg03\\node_modules\\@img\\sharp-libvips-linux-arm'
99 silly reify ]
100 verbose reify failed optional dependency C:\Users\Lenovo\Desktop\BlogWebsite\Blogg03\node_modules\@img\sharp-libvips-darwin-x64
101 silly reify mark deleted [
101 silly reify   'C:\\Users\\Lenovo\\Desktop\\BlogWebsite\\Blogg03\\node_modules\\@img\\sharp-libvips-darwin-x64'
101 silly reify ]
102 verbose reify failed optional dependency C:\Users\Lenovo\Desktop\BlogWebsite\Blogg03\node_modules\@img\sharp-libvips-darwin-arm64
103 silly reify mark deleted [
103 silly reify   'C:\\Users\\Lenovo\\Desktop\\BlogWebsite\\Blogg03\\node_modules\\@img\\sharp-libvips-darwin-arm64'
103 silly reify ]
104 verbose reify failed optional dependency C:\Users\Lenovo\Desktop\BlogWebsite\Blogg03\node_modules\@img\sharp-darwin-x64
105 silly reify mark deleted [
105 silly reify   'C:\\Users\\Lenovo\\Desktop\\BlogWebsite\\Blogg03\\node_modules\\@img\\sharp-darwin-x64'
105 silly reify ]
106 verbose reify failed optional dependency C:\Users\Lenovo\Desktop\BlogWebsite\Blogg03\node_modules\@img\sharp-darwin-arm64
107 silly reify mark deleted [
107 silly reify   'C:\\Users\\Lenovo\\Desktop\\BlogWebsite\\Blogg03\\node_modules\\@img\\sharp-darwin-arm64'
107 silly reify ]
108 timing reifyNode:node_modules/fsevents Completed in 67ms
109 timing reifyNode:node_modules/@next/swc-win32-ia32-msvc Completed in 66ms
110 timing reifyNode:node_modules/@next/swc-win32-arm64-msvc Completed in 66ms
111 timing reifyNode:node_modules/@next/swc-linux-x64-musl Completed in 66ms
112 timing reifyNode:node_modules/@next/swc-linux-x64-gnu Completed in 66ms
113 timing reifyNode:node_modules/@next/swc-linux-arm64-musl Completed in 65ms
114 timing reifyNode:node_modules/@next/swc-linux-arm64-gnu Completed in 65ms
115 timing reifyNode:node_modules/@next/swc-darwin-x64 Completed in 65ms
116 timing reifyNode:node_modules/@next/swc-darwin-arm64 Completed in 65ms
117 timing reifyNode:node_modules/@img/sharp-win32-ia32 Completed in 64ms
118 timing reifyNode:node_modules/@img/sharp-wasm32 Completed in 64ms
119 timing reifyNode:node_modules/@img/sharp-linuxmusl-x64 Completed in 63ms
120 timing reifyNode:node_modules/@img/sharp-linuxmusl-arm64 Completed in 63ms
121 timing reifyNode:node_modules/@img/sharp-linux-x64 Completed in 63ms
122 timing reifyNode:node_modules/@img/sharp-linux-s390x Completed in 63ms
123 timing reifyNode:node_modules/@img/sharp-linux-arm64 Completed in 62ms
124 timing reifyNode:node_modules/@img/sharp-linux-arm Completed in 62ms
125 timing reifyNode:node_modules/@img/sharp-libvips-linuxmusl-x64 Completed in 62ms
126 timing reifyNode:node_modules/@img/sharp-libvips-linuxmusl-arm64 Completed in 62ms
127 timing reifyNode:node_modules/@img/sharp-libvips-linux-x64 Completed in 62ms
128 timing reifyNode:node_modules/@img/sharp-libvips-linux-s390x Completed in 63ms
129 timing reifyNode:node_modules/@img/sharp-libvips-linux-arm64 Completed in 62ms
130 timing reifyNode:node_modules/@img/sharp-libvips-linux-arm Completed in 62ms
131 timing reifyNode:node_modules/@img/sharp-libvips-darwin-x64 Completed in 62ms
132 timing reifyNode:node_modules/@img/sharp-libvips-darwin-arm64 Completed in 62ms
133 timing reifyNode:node_modules/@img/sharp-darwin-x64 Completed in 62ms
134 timing reifyNode:node_modules/@img/sharp-darwin-arm64 Completed in 62ms
135 silly tarball no local data for @emnapi/runtime@https://registry.npmjs.org/@emnapi/runtime/-/runtime-0.45.0.tgz. Extracting by manifest.
136 http fetch POST 200 https://registry.npmjs.org/-/npm/v1/security/advisories/bulk 567ms
137 timing auditReport:getReport Completed in 590ms
138 silly audit report {}
139 timing auditReport:init Completed in 0ms
140 timing reify:audit Completed in 593ms
141 http fetch GET 200 https://registry.npmjs.org/npm 2781ms (cache miss)
142 http fetch GET 200 https://registry.npmjs.org/@emnapi/runtime/-/runtime-0.45.0.tgz 700ms (cache miss)
143 timing reifyNode:node_modules/@emnapi/runtime Completed in 779ms
144 timing reify:unpack Completed in 798ms
145 timing reify:unretire Completed in 1ms
146 timing build:queue Completed in 7ms
147 timing build:deps Completed in 8ms
148 timing build Completed in 8ms
149 timing reify:build Completed in 10ms
150 timing reify:trash Completed in 28ms
151 timing reify:save Completed in 549ms
152 timing reify Completed in 4121ms
153 silly ADD
154 silly ADD
155 silly ADD
156 silly ADD
157 silly ADD
158 silly ADD
159 silly ADD
160 silly ADD
161 silly ADD
162 silly ADD
163 silly ADD
164 silly ADD
165 silly ADD
166 silly ADD
167 silly ADD
168 silly ADD
169 silly ADD
170 silly ADD
171 silly ADD
172 silly ADD
173 silly ADD
174 silly ADD
175 silly ADD
176 silly ADD
177 silly ADD
178 silly ADD
179 silly ADD
180 silly ADD
181 timing command:i Completed in 4154ms
182 notice
182 notice New [33mminor[39m version of npm available! [31m10.2.4[39m -> [32m10.4.0[39m
182 notice Changelog: [36mhttps://github.com/npm/cli/releases/tag/v10.4.0[39m
182 notice Run [32mnpm install -g npm@10.4.0[39m to update!
182 notice
183 verbose exit 0
184 timing npm Completed in 5409ms
185 info ok
